<?xml version="1.0" encoding="UTF-8"?>
<!-- Generated by org.testng.reporters.JUnitReportReporter -->
<testsuite hostname="BattleStation" name="me.appz4.beacon.test.image.ImageTests" tests="3" failures="0" timestamp="31 Dec 2015 12:14:48 GMT" time="5.165" errors="0">
  <testcase name="deleteImages" time="0.002" classname="me.appz4.beacon.test.image.ImageTests"/>
  <testcase name="mockUpload" time="5.046" classname="me.appz4.beacon.test.image.ImageTests"/>
  <testcase name="getImages" time="0.117" classname="me.appz4.beacon.test.image.ImageTests"/>
</testsuite> <!-- me.appz4.beacon.test.image.ImageTests -->
