<?xml version="1.0" encoding="UTF-8"?>
<!-- Generated by org.testng.reporters.JUnitReportReporter -->
<testsuite hostname="BattleStation" name="me.appz4.beacon.test.api.message.MessageTests" tests="7" failures="0" timestamp="3 Jan 2016 16:11:31 GMT" time="2.719" errors="0">
  <testcase name="login" time="1.923" classname="me.appz4.beacon.test.api.message.MessageTests"/>
  <testcase name="deleteThread" time="0.097" classname="me.appz4.beacon.test.api.message.MessageTests"/>
  <testcase name="addToThread" time="0.107" classname="me.appz4.beacon.test.api.message.MessageTests"/>
  <testcase name="sendMessage" time="0.220" classname="me.appz4.beacon.test.api.message.MessageTests"/>
  <testcase name="getThread" time="0.133" classname="me.appz4.beacon.test.api.message.MessageTests"/>
  <testcase name="getThreadAgain" time="0.099" classname="me.appz4.beacon.test.api.message.MessageTests"/>
  <testcase name="getThreads" time="0.140" classname="me.appz4.beacon.test.api.message.MessageTests"/>
</testsuite> <!-- me.appz4.beacon.test.api.message.MessageTests -->
