<?xml version="1.0" encoding="UTF-8"?>
<!-- Generated by org.testng.reporters.JUnitReportReporter -->
<testsuite hostname="BattleStation" name="me.appz4.beacon.test.HibernateTest" tests="1" failures="0" timestamp="2 Dec 2015 11:06:52 GMT" time="0.299" errors="0">
  <testcase name="getBeacons" time="0.299" classname="me.appz4.beacon.test.HibernateTest"/>
</testsuite> <!-- me.appz4.beacon.test.HibernateTest -->
