<?xml version="1.0" encoding="UTF-8"?>
<!-- Generated by org.testng.reporters.JUnitReportReporter -->
<testsuite hostname="BattleStation" name="me.appz4.beacon.test.user.CreateUserTest" tests="1" failures="0" timestamp="29 Dec 2015 18:45:25 GMT" time="0.530" errors="0">
  <testcase name="create" time="0.530" classname="me.appz4.beacon.test.user.CreateUserTest"/>
</testsuite> <!-- me.appz4.beacon.test.user.CreateUserTest -->
