<?xml version="1.0" encoding="UTF-8"?>
<!-- Generated by org.testng.reporters.JUnitReportReporter -->
<testsuite hostname="BattleStation" name="me.appz4.beacon.test.ClientIdTest" tests="1" failures="0" timestamp="9 Dec 2015 11:29:27 GMT" time="0.010" errors="0">
  <testcase name="getClients" time="0.010" classname="me.appz4.beacon.test.ClientIdTest"/>
</testsuite> <!-- me.appz4.beacon.test.ClientIdTest -->
